Hit:1 http://archive.ubuntu.com/ubuntu bionic InRelease
Get:2 http://archive.ubuntu.com/ubuntu bionic-updates InRelease [88.7 kB]
Get:4 http://security.ubuntu.com/ubuntu bionic-security InRelease [88.7 kB]
Get:3 http://archive.ubuntu.com/ubuntu bionic-backports InRelease [74.6 kB]
Get:5 http://archive.ubuntu.com/ubuntu bionic-updates/main amd64 Packages [853 kB]
Get:7 http://security.ubuntu.com/ubuntu bionic-security/main i386 Packages [437 kB]
Get:8 http://security.ubuntu.com/ubuntu bionic-security/main amd64 Packages [636 kB]
Get:9 http://security.ubuntu.com/ubuntu bionic-security/main Translation-en [208 kB]
Get:5 http://archive.ubuntu.com/ubuntu bionic-updates/main amd64 Packages [853 kB]
Get:10 http://security.ubuntu.com/ubuntu bionic-security/restricted amd64 Packages [21.2 kB]
--2020-02-14 06:12:32--  https://bootstrap.pypa.io/get-pip.py
Resolving bootstrap.pypa.io (bootstrap.pypa.io)... 151.101.192.175, 151.101.128.175, 151.101.64.175, ...
Connecting to bootstrap.pypa.io (bootstrap.pypa.io)|151.101.192.175|:443... connected.
HTTP request sent, awaiting response... 200 OK
Length: 1807342 (1.7M) [text/x-python]
Saving to: ‘get-pip.py’

     0K .......... .......... .......... .......... ..........  2%  279K 6s
    50K .......... .......... .......... .......... ..........  5%  513K 5s
   100K .......... .......... .......... .......... ..........  8% 1017K 4s
   150K .......... .......... .......... .......... .......... 11%  948K 3s
   200K .......... .......... .......... .......... .......... 14%  689K 3s
   250K .......... .......... .......... .......... .......... 16%  877K 2s
   300K .......... .......... .......... .......... .......... 19%  852K 2s
   350K .......... .......... .......... .......... .......... 22% 1.13M 2s
   400K .......... .......... .......... .......... .......... 25%  993K 2s
   450K .......... .......... .......... .......... .......... 28% 1.09M 2s
   500K .......... .......... .......... .......... .......... 31%  159K 2s
   550K .......... .......... .......... .......... .......... 33% 37.9M 2s
   600K .......... .......... .......... .......... .......... 36% 72.7M 2s
   650K .......... .......... .......... .......... .......... 39%  439K 2s
   700K .......... .......... .......... .......... .......... 42% 2.55M 2s
   750K .......... .......... .......... .......... .......... 45% 50.7M 1s
   800K .......... .......... .......... .......... .......... 48% 68.9M 1s
   850K .......... .......... .......... .......... .......... 50% 48.3M 1s
   900K .......... .......... .......... .......... .......... 53% 1.84M 1s
   950K .......... .......... .......... .......... .......... 56%  457K 1s
  1000K .......... .......... .......... .......... .......... 59%  915K 1s
  1050K .......... .......... .......... .......... .......... 62%  684K 1s
  1100K .......... .......... .......... .......... .......... 65%  987K 1s
  1150K .......... .......... .......... .......... .......... 67% 1.08M 1s
  1200K .......... .......... .......... .......... .......... 70% 1.17M 1s
  1250K .......... .......... .......... .......... .......... 73%  993K 1s
  1300K .......... .......... .......... .......... .......... 76%  780K 1s
  1350K .......... .......... .......... .......... .......... 79% 1.13M 0s
  1400K .......... .......... .......... .......... .......... 82%  958K 0s
  1450K .......... .......... .......... .......... .......... 84%  723K 0s
  1500K .......... .......... .......... .......... .......... 87%  786K 0s
  1550K .......... .......... .......... .......... .......... 90% 1.32M 0s
  1600K .......... .......... .......... .......... .......... 93%  643K 0s
  1650K .......... .......... .......... .......... .......... 96%  936K 0s
  1700K .......... .......... .......... .......... .......... 99%  762K 0s
  1750K .......... ....                                       100% 2.61M=2.1s

2020-02-14 06:12:36 (824 KB/s) - ‘get-pip.py’ saved [1807342/1807342]

Starting installation for Python 3.7 along with PIP and virtualenv package
This script logs the execution in a local file named installation.log. Refer to it in case some problem arises
Hit:1 http://security.ubuntu.com/ubuntu bionic-security InRelease
Hit:2 http://archive.ubuntu.com/ubuntu bionic InRelease
Hit:3 http://archive.ubuntu.com/ubuntu bionic-updates InRelease
Hit:4 http://archive.ubuntu.com/ubuntu bionic-backports InRelease
Reading package lists...
Repositories updated successfully
Installing the Python packages
Reading package lists...
Building dependency tree...
Reading state information...
python3-pip is already the newest version (9.0.1-2.3~ubuntu1.18.04.1).
python3.7 is already the newest version (3.7.5-2~18.04).
python3.7-dev is already the newest version (3.7.5-2~18.04).
0 upgraded, 0 newly installed, 0 to remove and 10 not upgraded.
Python packages installed successfully
Fetching the pip install script
Pip install script fetched successfully
Installing the Pip package
Collecting pip
  Using cached pip-20.0.2-py2.py3-none-any.whl (1.4 MB)
Installing collected packages: pip
  Attempting uninstall: pip
    Found existing installation: pip 20.0.2
    Uninstalling pip-20.0.2:
      Successfully uninstalled pip-20.0.2
Successfully installed pip-20.0.2
PIP packages installed successfully
Installing the virtualenv package
Requirement already satisfied: virtualenv in /usr/local/lib/python3.7/dist-packages (20.0.3)
Requirement already satisfied: filelock<4,>=3.0.0 in /usr/local/lib/python3.7/dist-packages (from virtualenv) (3.0.12)
Requirement already satisfied: appdirs<2,>=1.4.3 in /usr/local/lib/python3.7/dist-packages (from virtualenv) (1.4.3)
Requirement already satisfied: six<2,>=1.12.0 in /usr/local/lib/python3.7/dist-packages (from virtualenv) (1.14.0)
Requirement already satisfied: importlib-metadata<2,>=0.12; python_version < "3.8" in /usr/local/lib/python3.7/dist-packages (from virtualenv) (1.5.0)
Requirement already satisfied: distlib<1,>=0.3.0 in /usr/local/lib/python3.7/dist-packages (from virtualenv) (0.3.0)
Requirement already satisfied: zipp>=0.5 in /usr/local/lib/python3.7/dist-packages (from importlib-metadata<2,>=0.12; python_version < "3.8"->virtualenv) (2.2.0)
Virtualenv package was installed successfully
created virtual environment in 286ms CPython3Posix(dest=/home/vagrant/Bus-Booking-Bot/venv, clear=False, global=False) with seeder FromAppData pip=latest setuptools=latest wheel=latest app_data_dir=/root/.local/share/virtualenv/seed-v1 via=copy
Virtual Environment created successfully
Installation completed successfully!
You can activate the virtual env by running the command source venv/bin/activate
Starting installation for Python 3.7 along with PIP and virtualenv package
This script logs the execution in a local file named installation.log. Refer to it in case some problem arises
Hit:1 http://security.ubuntu.com/ubuntu bionic-security InRelease
Hit:2 http://archive.ubuntu.com/ubuntu bionic InRelease
Hit:3 http://archive.ubuntu.com/ubuntu bionic-updates InRelease
Hit:4 http://archive.ubuntu.com/ubuntu bionic-backports InRelease
Reading package lists...
Repositories updated successfully
Installing the Python packages
Reading package lists...
Building dependency tree...
Reading state information...
python3-pip is already the newest version (9.0.1-2.3~ubuntu1.18.04.1).
python3.7 is already the newest version (3.7.5-2~18.04).
python3.7-dev is already the newest version (3.7.5-2~18.04).
0 upgraded, 0 newly installed, 0 to remove and 10 not upgraded.
Python packages installed successfully
Fetching the pip install script
Pip install script fetched successfully
Installing the Pip package
Collecting pip
  Using cached pip-20.0.2-py2.py3-none-any.whl (1.4 MB)
Installing collected packages: pip
  Attempting uninstall: pip
    Found existing installation: pip 20.0.2
    Uninstalling pip-20.0.2:
      Successfully uninstalled pip-20.0.2
Successfully installed pip-20.0.2
PIP packages installed successfully
Installing the virtualenv package
Requirement already satisfied: virtualenv in /usr/local/lib/python3.7/dist-packages (20.0.3)
Requirement already satisfied: filelock<4,>=3.0.0 in /usr/local/lib/python3.7/dist-packages (from virtualenv) (3.0.12)
Requirement already satisfied: importlib-metadata<2,>=0.12; python_version < "3.8" in /usr/local/lib/python3.7/dist-packages (from virtualenv) (1.5.0)
Requirement already satisfied: distlib<1,>=0.3.0 in /usr/local/lib/python3.7/dist-packages (from virtualenv) (0.3.0)
Requirement already satisfied: appdirs<2,>=1.4.3 in /usr/local/lib/python3.7/dist-packages (from virtualenv) (1.4.3)
Requirement already satisfied: six<2,>=1.12.0 in /usr/local/lib/python3.7/dist-packages (from virtualenv) (1.14.0)
Requirement already satisfied: zipp>=0.5 in /usr/local/lib/python3.7/dist-packages (from importlib-metadata<2,>=0.12; python_version < "3.8"->virtualenv) (2.2.0)
Virtualenv package was installed successfully
created virtual environment in 286ms CPython3Posix(dest=/home/vagrant/Bus-Booking-Bot/venv, clear=False, global=False) with seeder FromAppData pip=latest setuptools=latest wheel=latest app_data_dir=/root/.local/share/virtualenv/seed-v1 via=copy
Virtual Environment created successfully
Deleting the get-pip.py file
get-pip.py file deleted successfully!
Installation completed successfully!
You can activate the virtual env by running the command source venv/bin/activate
